<?xml version="1.0" encoding="UTF-8"?>
<!-- Generated by org.testng.reporters.JUnitReportReporter -->
<testsuite hostname="SAG-CVDCSG3" failures="0" tests="12" name="com.webMethodsFlowUI.testsuites.MeteringInsight.MeteringInsightTestSuite" time="137.836" errors="1" timestamp="24 Oct 2023 08:00:03 GMT">
  <testcase classname="com.webMethodsFlowUI.testsuites.MeteringInsight.MeteringInsightTestSuite" name="TopConsumerProjects" time="16.212"/>
  <testcase classname="com.webMethodsFlowUI.testsuites.MeteringInsight.MeteringInsightTestSuite" name="TopConsumerWorkflows" time="11.490"/>
  <testcase classname="com.webMethodsFlowUI.testsuites.MeteringInsight.MeteringInsightTestSuite" name="HighLightPageFilter" time="12.580"/>
  <testcase classname="com.webMethodsFlowUI.testsuites.MeteringInsight.MeteringInsightTestSuite" name="HighlightPageData" time="15.227"/>
  <testcase classname="com.webMethodsFlowUI.testsuites.MeteringInsight.MeteringInsightTestSuite" name="TopConsumerFlowservices" time="9.934"/>
  <testcase classname="com.webMethodsFlowUI.testsuites.MeteringInsight.MeteringInsightTestSuite" name="ReportPageData" time="12.185"/>
  <testcase classname="com.webMethodsFlowUI.testsuites.MeteringInsight.MeteringInsightTestSuite" name="HighLightPageCustomDateRange" time="4.608"/>
  <testcase classname="com.webMethodsFlowUI.testsuites.MeteringInsight.MeteringInsightTestSuite" name="loginTest" time="27.815"/>
  <testcase classname="com.webMethodsFlowUI.testsuites.MeteringInsight.MeteringInsightTestSuite" name="ReportPagePagination" time="2.708"/>
  <testcase classname="com.webMethodsFlowUI.testsuites.MeteringInsight.MeteringInsightTestSuite" name="HighLightPagePagination" time="4.149"/>
  <testcase classname="com.webMethodsFlowUI.testsuites.MeteringInsight.MeteringInsightTestSuite" name="ReportPageFilter" time="15.168"/>
  <testcase classname="com.webMethodsFlowUI.testsuites.MeteringInsight.MeteringInsightTestSuite" name="ReportPageDownload" time="5.760">
    <error type="java.lang.NullPointerException">
      <![CDATA[java.lang.NullPointerException
	at com.webMethodsUI.flow.testbase.CommonActions.verifyDownloadedFileExt(CommonActions.java:513)
	at com.webMethodsFlowUI.testsuites.MeteringInsight.MeteringInsightTestSuite.ReportPageDownload(MeteringInsightTestSuite.java:182)
	at java.base/jdk.internal.reflect.NativeMethodAccessorImpl.invoke0(Native Method)
	at java.base/jdk.internal.reflect.NativeMethodAccessorImpl.invoke(NativeMethodAccessorImpl.java:62)
	at java.base/jdk.internal.reflect.DelegatingMethodAccessorImpl.invoke(DelegatingMethodAccessorImpl.java:43)
	at java.base/java.lang.reflect.Method.invoke(Method.java:566)
	at org.testng.internal.MethodInvocationHelper.invokeMethod(MethodInvocationHelper.java:85)
	at org.testng.internal.Invoker.invokeMethod(Invoker.java:639)
	at org.testng.internal.Invoker.invokeTestMethod(Invoker.java:816)
	at org.testng.internal.Invoker.invokeTestMethods(Invoker.java:1124)
	at org.testng.internal.TestMethodWorker.invokeTestMethods(TestMethodWorker.java:125)
	at org.testng.internal.TestMethodWorker.run(TestMethodWorker.java:108)
	at org.testng.TestRunner.privateRun(TestRunner.java:774)
	at org.testng.TestRunner.run(TestRunner.java:624)
	at org.testng.SuiteRunner.runTest(SuiteRunner.java:359)
	at org.testng.SuiteRunner.runSequentially(SuiteRunner.java:354)
	at org.testng.SuiteRunner.privateRun(SuiteRunner.java:312)
	at org.testng.SuiteRunner.run(SuiteRunner.java:261)
	at org.testng.SuiteRunnerWorker.runSuite(SuiteRunnerWorker.java:52)
	at org.testng.SuiteRunnerWorker.run(SuiteRunnerWorker.java:86)
	at org.testng.TestNG.runSuitesSequentially(TestNG.java:1215)
	at org.testng.TestNG.runSuitesLocally(TestNG.java:1140)
	at org.testng.TestNG.run(TestNG.java:1048)
	at org.testng.remote.AbstractRemoteTestNG.run(AbstractRemoteTestNG.java:115)
	at org.testng.remote.RemoteTestNG.initAndRun(RemoteTestNG.java:251)
	at org.testng.remote.RemoteTestNG.main(RemoteTestNG.java:77)
]]>
    </error>
  </testcase> <!-- ReportPageDownload -->
</testsuite> <!-- com.webMethodsFlowUI.testsuites.MeteringInsight.MeteringInsightTestSuite -->
