<?xml version="1.0" encoding="UTF-8"?>
<!-- Generated by org.testng.reporters.JUnitReportReporter -->
<testsuite hostname="SAG-CVDCSG3" failures="0" tests="4" name="com.webMethodsFlowUI.testsuites.SharedMessaging.SharedQueueTopicVerificationSuite" time="67.146" errors="0" timestamp="20 Nov 2023 16:13:42 GMT">
  <testcase classname="com.webMethodsFlowUI.testsuites.SharedMessaging.SharedQueueTopicVerificationSuite" name="CreateTopicQueueFromFlowServiePage" time="29.871"/>
  <testcase classname="com.webMethodsFlowUI.testsuites.SharedMessaging.SharedQueueTopicVerificationSuite" name="NavigateToprojectPage" time="4.169"/>
  <testcase classname="com.webMethodsFlowUI.testsuites.SharedMessaging.SharedQueueTopicVerificationSuite" name="loginTest" time="19.139"/>
  <testcase classname="com.webMethodsFlowUI.testsuites.SharedMessaging.SharedQueueTopicVerificationSuite" name="deleteCreatedFlowService" time="13.967"/>
</testsuite> <!-- com.webMethodsFlowUI.testsuites.SharedMessaging.SharedQueueTopicVerificationSuite -->
