<?xml version="1.0" encoding="UTF-8"?>
<!-- Generated by org.testng.reporters.JUnitReportReporter -->
<testsuite hostname="SAG-D4WF3D3" failures="0" tests="3" name="com.webMethodsFlowUI.testsuites.customerdefectsRegressionSuite.ServiceModule_BIC_18215" time="62.336" errors="0" timestamp="7 Dec 2022 15:20:10 GMT">
  <testcase classname="com.webMethodsFlowUI.testsuites.customerdefectsRegressionSuite.ServiceModule_BIC_18215" name="deleteProject" time="4.603"/>
  <testcase classname="com.webMethodsFlowUI.testsuites.customerdefectsRegressionSuite.ServiceModule_BIC_18215" name="BIC_18215" time="51.586"/>
  <testcase classname="com.webMethodsFlowUI.testsuites.customerdefectsRegressionSuite.ServiceModule_BIC_18215" name="deleteFlowService" time="6.147"/>
</testsuite> <!-- com.webMethodsFlowUI.testsuites.customerdefectsRegressionSuite.ServiceModule_BIC_18215 -->
